C51 COMPILER V9.57.0.0   MAIN                                                              04/10/2018 14:23:38 PAGE 1   


C51 COMPILER V9.57.0.0, COMPILATION OF MODULE MAIN
OBJECT MODULE PLACED IN .\Objects\main.obj
COMPILER INVOKED BY: C:\Keil_v5\C51\BIN\C51.EXE main.c OPTIMIZE(8,SPEED) BROWSE DEBUG OBJECTEXTEND PRINT(.\Listings\main
                    -.lst) TABS(2) OBJECT(.\Objects\main.obj)

line level    source

   1          # include <at89x51.h>
   2          # define LCDPort P2
   3          sbit RS=P1^0;
   4          sbit RW=P1^1;
   5          sbit EN=P1^2;
   6          sbit sensor=P3^2;
   7          sbit relay = P3^1;
   8          
   9          void delay(int t)
  10          {
  11   1                int i;
  12   1          while(t>0)
  13   1            {
  14   2              i=1275;
  15   2            while(i>0) i--;
  16   2            t--;
  17   2            }
  18   1      }
  19          void LCDCommand(unsigned char Value)
  20          {
  21   1          RS=0;
  22   1          RW=0;
  23   1          LCDPort=Value;
  24   1          EN=1;
  25   1          delay(2);
  26   1          EN=0;
  27   1          return;
  28   1      }
  29          
  30          void LCDData(unsigned char Value)
  31          {
  32   1          RS=1;
  33   1          RW=0;
  34   1          LCDPort=Value;
  35   1          EN=1;
  36   1          delay(2);
  37   1          EN=0;
  38   1          return;
  39   1      }
  40          void LCDInit()
  41          {
  42   1          LCDCommand(0x38); // Initialize LCD in 8-bit mode /// For four bit use 0x30;
  43   1          LCDCommand(0x06); // display on cursor off
  44   1          LCDCommand(0x0c); // Cursor in incrementing mode
  45   1          LCDCommand(0x01); // Clear the Display
  46   1      }
  47          LCDPuts(char *s)
  48          {
  49   1           int i;
  50   1           for(i=0;s[i];i++) LCDData(s[i]);
  51   1      }
  52          
  53          void LCD_goto_XY(int x , int y)
  54          {
C51 COMPILER V9.57.0.0   MAIN                                                              04/10/2018 14:23:38 PAGE 2   

  55   1        if(y == 1)
  56   1          LCDCommand(0x80 | x);
  57   1        else if(y == 2)
  58   1          LCDCommand(0xC0 | x);
  59   1        
  60   1      }
  61          
  62          void GPIO_INIT()
  63          {
  64   1        sensor = 0xFF;  // Initialize the sensor pin as INPUT
  65   1        //sensor = 0;
  66   1        relay = 0x00;   // Initialize the relay pin as OUTPUT
  67   1      }
  68          void displayStatus(unsigned char *status)
  69          {
  70   1        LCDCommand(0x01);  
  71   1        LCD_goto_XY(4,1);
  72   1        LCDPuts("Status");  
  73   1        LCD_goto_XY(0,2);
  74   1        LCDPuts(status);
  75   1      }
  76          
  77          void main()
  78          {
  79   1        GPIO_INIT();
  80   1        LCDInit();
  81   1        LCDCommand(0x01);
  82   1        LCD_goto_XY(2,1);
  83   1        LCDPuts("Automatic");
  84   1        LCD_goto_XY(0,2);
  85   1        LCDPuts("Irrigation Sys.");
  86   1        delay(1000);
  87   1        while(1)
  88   1        {
  89   2          //delay(100);
  90   2          if(sensor == 1)
  91   2          {
  92   3            displayStatus("Less moisture");
  93   3            relay = 1;
  94   3            delay(500);
  95   3          }
  96   2          else if(sensor == 0)
  97   2          {
  98   3            displayStatus("Enough moisture");
  99   3            relay = 0;
 100   3            delay(100);
 101   3          }
 102   2        }
 103   1      }
*** WARNING C290 IN LINE 51 OF main.c: missing return value


MODULE INFORMATION:   STATIC OVERLAYABLE
   CODE SIZE        =    300    ----
   CONSTANT SIZE    =     63    ----
   XDATA SIZE       =   ----    ----
   PDATA SIZE       =   ----    ----
   DATA SIZE        =   ----       8
   IDATA SIZE       =   ----    ----
   BIT SIZE         =   ----    ----
END OF MODULE INFORMATION.


C51 COMPILATION COMPLETE.  1 WARNING(S),  0 ERROR(S)
